0 info it worked if it ends with ok
1 verbose cli [ 'node', '/usr/bin/npm', 'install', '@wordpress/icons', '--save' ]
2 info using npm@1.3.6
3 info using node@v0.10.48
4 verbose readDependencies using package.json deps
5 verbose cache add [ '@wordpress/icons@^2.10.3', null ]
6 verbose cache add name=undefined spec="@wordpress/icons@^2.10.3" args=["@wordpress/icons@^2.10.3",null]
7 verbose parsed url { protocol: null,
7 verbose parsed url   slashes: null,
7 verbose parsed url   auth: null,
7 verbose parsed url   host: null,
7 verbose parsed url   port: null,
7 verbose parsed url   hostname: null,
7 verbose parsed url   hash: null,
7 verbose parsed url   search: null,
7 verbose parsed url   query: null,
7 verbose parsed url   pathname: '@wordpress/icons@^2.10.3',
7 verbose parsed url   path: '@wordpress/icons@^2.10.3',
7 verbose parsed url   href: '@wordpress/icons@^2.10.3' }
8 verbose cache add name="" spec="wordpress/icons@^2.10.3" args=["","wordpress/icons@^2.10.3"]
9 verbose parsed url { protocol: null,
9 verbose parsed url   slashes: null,
9 verbose parsed url   auth: null,
9 verbose parsed url   host: null,
9 verbose parsed url   port: null,
9 verbose parsed url   hostname: null,
9 verbose parsed url   hash: null,
9 verbose parsed url   search: null,
9 verbose parsed url   query: null,
9 verbose parsed url   pathname: 'wordpress/icons@^2.10.3',
9 verbose parsed url   path: 'wordpress/icons@^2.10.3',
9 verbose parsed url   href: 'wordpress/icons@^2.10.3' }
10 verbose cache add name="wordpress/icons" spec="^2.10.3" args=["wordpress/icons","^2.10.3"]
11 verbose parsed url { protocol: null,
11 verbose parsed url   slashes: null,
11 verbose parsed url   auth: null,
11 verbose parsed url   host: null,
11 verbose parsed url   port: null,
11 verbose parsed url   hostname: null,
11 verbose parsed url   hash: null,
11 verbose parsed url   search: null,
11 verbose parsed url   query: null,
11 verbose parsed url   pathname: '^2.10.3',
11 verbose parsed url   path: '^2.10.3',
11 verbose parsed url   href: '^2.10.3' }
12 verbose addNamed [ 'wordpress/icons', '^2.10.3' ]
13 verbose addNamed [ null, '>=2.10.3-0 <3.0.0-0' ]
14 silly lockFile 30f4493d-wordpress-icons-2-10-3 wordpress/icons@^2.10.3
15 verbose lock wordpress/icons@^2.10.3 /root/.npm/30f4493d-wordpress-icons-2-10-3.lock
16 silly addNameRange { name: 'wordpress/icons',
16 silly addNameRange   range: '>=2.10.3-0 <3.0.0-0',
16 silly addNameRange   hasData: false }
17 verbose url raw wordpress/icons
18 verbose url resolving [ 'http://registry.npmjs.org/', './wordpress/icons' ]
19 verbose url resolved http://registry.npmjs.org/wordpress/icons
20 info trying registry request attempt 1 at 01:15:15
21 http GET http://registry.npmjs.org/wordpress/icons
22 http 405 http://registry.npmjs.org/wordpress/icons
23 silly registry.get cb [ 405,
23 silly registry.get   { date: 'Tue, 24 Aug 2021 01:15:16 GMT',
23 silly registry.get     'content-type': 'application/json',
23 silly registry.get     'content-length': '63',
23 silly registry.get     connection: 'keep-alive',
23 silly registry.get     'cf-ray': '6838ba8078675914-IAD',
23 silly registry.get     allow: 'PUT',
23 silly registry.get     'cf-cache-status': 'DYNAMIC',
23 silly registry.get     'expect-ct': 'max-age=604800, report-uri="https://report-uri.cloudflare.com/cdn-cgi/beacon/expect-ct"',
23 silly registry.get     vary: 'Accept-Encoding',
23 silly registry.get     server: 'cloudflare' } ]
24 silly addNameRange number 2 { name: 'wordpress/icons',
24 silly addNameRange   range: '>=2.10.3-0 <3.0.0-0',
24 silly addNameRange   hasData: true }
25 silly addNameRange versions [ undefined, [] ]
26 error TypeError: Cannot read property 'latest' of undefined
26 error     at next (/usr/lib/node_modules/npm/lib/cache.js:687:35)
26 error     at /usr/lib/node_modules/npm/lib/cache.js:675:5
26 error     at saved (/usr/lib/node_modules/npm-registry-client/lib/get.js:148:7)
26 error     at /usr/lib/node_modules/graceful-fs/polyfills.js:133:7
26 error     at Object.oncomplete (fs.js:108:15)
27 error If you need help, you may report this log at:
27 error     <http://github.com/isaacs/npm/issues>
27 error or email it to:
27 error     <npm-@googlegroups.com>
28 error System Linux 4.14.225-121.362.amzn1.x86_64
29 error command "node" "/usr/bin/npm" "install" "@wordpress/icons" "--save"
30 error cwd /var/www/html/test.photopressdev.com/wp-content/plugins/photopress-plugin
31 error node -v v0.10.48
32 error npm -v 1.3.6
33 error type non_object_property_load
34 verbose exit [ 1, true ]
